<?xml version="1.0" encoding="UTF-8"?>
<!-- Generated by org.testng.reporters.JUnitReportReporter -->
<testsuite hostname="SHUBHAM" failures="0" tests="1" name="RunnerFile.TestRunnerTestNG" time="11.042" errors="0" timestamp="2023-08-05T21:17:54 IST" skipped="0">
  <testcase classname="RunnerFile.TestRunnerTestNG" name="runScenario" time="11.042"/>
  <system-out/>
</testsuite> <!-- RunnerFile.TestRunnerTestNG -->
